2024-12-05 12:32:29:3229 [32minfo[39m: [32mServer is running on port 3000[39m
2024-12-05 12:32:38:3238 [32minfo[39m: [32mServer is running on port 3000[39m
2024-12-05 12:33:31:3331 [37mdebug[39m: [37mmorgan middleware[39m
2024-12-05 12:33:31:3331 [32minfo[39m: [32mServer is running on port 3000[39m
2024-12-05 12:33:48:3348 [31merror[39m: [31mmorgan middleware[39m
2024-12-05 12:33:48:3348 [32minfo[39m: [32mServer is running on port 3000[39m
2024-12-05 12:33:58:3358 [33mwarn[39m: [33mmorgan middleware[39m
2024-12-05 12:33:58:3358 [32minfo[39m: [32mServer is running on port 3000[39m
2024-12-05 12:34:23:3423 [32minfo[39m: [32mmorgan middleware[39m
2024-12-05 12:34:23:3423 [32minfo[39m: [32mServer is running on port 3000[39m
2024-12-05 12:34:47:3447 [32minfo[39m: [32mChecking the API status: Everything is OK[39m
2024-12-05 12:34:47:3447 [35mhttp[39m: [35m::1 GET /api/status 200 54 - 3.761 ms[39m
2024-12-05 12:34:48:3448 [35mhttp[39m: [35m::1 GET /favicon.ico 404 150 - 1.857 ms[39m
2024-12-05 12:35:05:355 [32minfo[39m: [32mChecking the API status: Everything is OK[39m
2024-12-05 12:35:05:355 [35mhttp[39m: [35m::1 GET /api/status 304 - - 1.233 ms[39m
2024-12-05 12:35:14:3514 [32minfo[39m: [32mChecking the API status: Everything is OK[39m
2024-12-05 12:35:14:3514 [35mhttp[39m: [35m::1 GET /api/status 304 - - 1.191 ms[39m
2024-12-05 12:36:15:3615 [32minfo[39m: [32mmorgan middleware[39m
2024-12-05 12:36:15:3615 [32minfo[39m: [32mServer is running on port 3000[39m
2024-12-05 12:36:26:3626 [32minfo[39m: [32mmorgan middleware[39m
2024-12-05 12:36:26:3626 [32minfo[39m: [32mServer is running on port 3000[39m
2024-12-05 12:37:06:376 [32minfo[39m: [32mmorgan middleware[39m
2024-12-05 12:37:06:376 [32minfo[39m: [32mServer is running on port 3000[39m
2024-12-05 13:07:56:756 [32minfo[39m: [32mServer is running on port 3000[39m
2024-12-05 13:08:11:811 [35mhttp[39m: [35m::1 GET /api/events 200 39 - 2.057 ms[39m
2024-12-05 13:08:27:827 [32minfo[39m: [32mServer is running on port 3000[39m
2024-12-05 13:09:39:939 [32minfo[39m: [32mServer is running on port 3000[39m
2024-12-05 13:09:46:946 [32minfo[39m: [32mServer is running on port 3000[39m
2024-12-05 13:09:57:957 [32minfo[39m: [32mServer is running on port 3000[39m
2024-12-05 13:10:11:1011 [32minfo[39m: [32mServer is running on port 3000[39m
2024-12-05 13:17:20:1720 [32minfo[39m: [32mServer is running on port 3000[39m
2024-12-05 13:17:40:1740 [32minfo[39m: [32mServer is running on port 3000[39m
2024-12-05 13:18:22:1822 [32minfo[39m: [32mServer is running on port 3000[39m
2024-12-05 13:18:56:1856 [32minfo[39m: [32mServer is running on port 3000[39m
2024-12-05 13:20:46:2046 [32minfo[39m: [32mServer is running on port 3000[39m
2024-12-05 13:20:54:2054 [32minfo[39m: [32mServer is running on port 3000[39m
2024-12-05 13:21:08:218 [32minfo[39m: [32mServer is running on port 3000[39m
2024-12-05 13:21:36:2136 [32minfo[39m: [32mServer is running on port 3000[39m
2024-12-05 13:22:07:227 [32minfo[39m: [32mServer is running on port 3000[39m
2024-12-05 13:22:36:2236 [32minfo[39m: [32mServer is running on port 3000[39m
2024-12-05 13:23:07:237 [32minfo[39m: [32mServer is running on port 3000[39m
2024-12-05 13:23:43:2343 [32minfo[39m: [32mServer is running on port 3000[39m
2024-12-05 13:23:49:2349 [32minfo[39m: [32mServer is running on port 3000[39m
2024-12-05 13:24:07:247 [32minfo[39m: [32mServer is running on port 3000[39m
2024-12-05 13:24:12:2412 [32minfo[39m: [32mServer is running on port 3000[39m
2024-12-05 13:24:32:2432 [32minfo[39m: [32mServer is running on port 3000[39m
2024-12-05 13:24:53:2453 [32minfo[39m: [32mServer is running on port 3000[39m
2024-12-05 13:25:05:255 [32minfo[39m: [32mServer is running on port 3000[39m
2024-12-05 13:26:00:260 [32minfo[39m: [32mServer is running on port 3000[39m
2024-12-05 13:26:13:2613 [32minfo[39m: [32mServer is running on port 3000[39m
2024-12-05 13:26:27:2627 [32minfo[39m: [32mServer is running on port 3000[39m
2024-12-05 13:26:36:2636 [32minfo[39m: [32mServer is running on port 3000[39m
2024-12-05 13:31:23:3123 [32minfo[39m: [32mServer is running on port 3000[39m
2024-12-05 13:31:39:3139 [32minfo[39m: [32mServer is running on port 4000[39m
2024-12-05 13:33:06:336 [35mhttp[39m: [35m::1 POST /api/events 404 150 - 2.230 ms[39m
2024-12-05 13:34:05:345 [35mhttp[39m: [35m::1 POST /api/arduino/updates 200 57 - 5.572 ms[39m
2024-12-05 13:37:39:3739 [35mhttp[39m: [35m::1 GET /events 404 145 - 0.821 ms[39m
2024-12-05 13:39:09:399 [32minfo[39m: [32mServer is running on port 4000[39m
2024-12-05 13:41:14:4114 [32minfo[39m: [32mServer is running on port 4000[39m
2024-12-05 13:41:41:4141 [32minfo[39m: [32mServer is running on port 4000[39m
2024-12-05 13:43:51:4351 [32minfo[39m: [32mServer is running on port 4000[39m
2024-12-05 13:44:15:4415 [32minfo[39m: [32mServer is running on port 4000[39m
2024-12-05 13:44:20:4420 [35mhttp[39m: [35m::1 GET /api/events - - - - ms[39m
2024-12-05 13:44:46:4446 [35mhttp[39m: [35m::1 POST /api/arduino/updates 404 159 - 0.816 ms[39m
2024-12-05 13:45:01:451 [35mhttp[39m: [35m::1 POST /api/arduinos/updates 200 57 - 4.230 ms[39m
2024-12-05 13:45:16:4516 [35mhttp[39m: [35m::1 POST /api/arduinos/updates 200 57 - 1.210 ms[39m
2024-12-05 13:45:20:4520 [35mhttp[39m: [35m::1 POST /api/arduinos/updates 200 57 - 1.588 ms[39m
2024-12-05 13:45:24:4524 [35mhttp[39m: [35m::1 POST /api/arduinos/updates 200 57 - 1.134 ms[39m
2024-12-05 13:45:27:4527 [35mhttp[39m: [35m::1 POST /api/arduinos/updates 200 57 - 1.064 ms[39m
2024-12-05 13:45:31:4531 [35mhttp[39m: [35m::1 POST /api/arduinos/updates 200 57 - 1.375 ms[39m
2024-12-05 13:45:35:4535 [35mhttp[39m: [35m::1 POST /api/arduinos/updates 200 57 - 0.908 ms[39m
2024-12-05 13:45:39:4539 [35mhttp[39m: [35m::1 POST /api/arduinos/updates 200 57 - 0.885 ms[39m
2024-12-05 13:45:42:4542 [35mhttp[39m: [35m::1 POST /api/arduinos/updates 200 57 - 1.117 ms[39m
2024-12-05 13:45:47:4547 [35mhttp[39m: [35m::1 GET /api/events 200 - - 38610.660 ms[39m
2024-12-05 13:45:54:4554 [35mhttp[39m: [35m::1 POST /api/arduinos/updates 200 57 - 1.154 ms[39m
2024-12-05 13:49:34:4934 [35mhttp[39m: [35m::1 POST /api/arduinos/updates 200 57 - 0.814 ms[39m
2024-12-05 13:54:08:548 [32minfo[39m: [32mServer is running on port 4000[39m
2024-12-05 14:33:15:3315 [32minfo[39m: [32mServer is running on port 4000[39m
2024-12-05 14:33:18:3318 [32minfo[39m: [32mFrontend connected to SSE[39m
2024-12-05 14:33:29:3329 [35mhttp[39m: [35m::1 POST /api/arduinos/updates 200 57 - 6.603 ms[39m
2024-12-05 14:34:26:3426 [35mhttp[39m: [35m::1 GET /api/events 200 - - 11054.045 ms[39m
2024-12-05 14:34:26:3426 [32minfo[39m: [32mFrontend disconnected from SSE[39m
2024-12-05 14:35:29:3529 [32minfo[39m: [32mFrontend connected to SSE[39m
2024-12-05 14:39:56:3956 [32minfo[39m: [32mServer is running on port 4000[39m
2024-12-05 14:39:59:3959 [32minfo[39m: [32mFrontend connected to SSE[39m
2024-12-05 14:40:53:4053 [32minfo[39m: [32mServer is running on port 4000[39m
2024-12-05 14:40:55:4055 [32minfo[39m: [32mFrontend connected to SSE[39m
2024-12-05 14:41:19:4119 [32minfo[39m: [32mServer is running on port 4000[39m
2024-12-05 14:41:22:4122 [32minfo[39m: [32mFrontend connected to SSE[39m
